<?xml version="1.0" encoding="UTF-8"?>
<testng-results ignored="0" total="2" passed="2" failed="0" skipped="0">
  <reporter-output>
  </reporter-output>
  <suite started-at="2026-01-26T19:18:41 IST" name="Suite" finished-at="2026-01-26T19:18:54 IST" duration-ms="12593">
    <groups>
      <group name="Master">
        <method signature="RegistrationTest.verify_account_registration()[pri:0, instance:testcases.RegistrationTest@5c530d1e]" name="verify_account_registration" class="testcases.RegistrationTest"/>
        <method signature="logintestcase.verify_logintest()[pri:0, instance:testcases.logintestcase@c5ee75e]" name="verify_logintest" class="testcases.logintestcase"/>
      </group> <!-- Master -->
      <group name="Sanity">
        <method signature="logintestcase.verify_logintest()[pri:0, instance:testcases.logintestcase@c5ee75e]" name="verify_logintest" class="testcases.logintestcase"/>
      </group> <!-- Sanity -->
      <group name="Regression">
        <method signature="RegistrationTest.verify_account_registration()[pri:0, instance:testcases.RegistrationTest@5c530d1e]" name="verify_account_registration" class="testcases.RegistrationTest"/>
      </group> <!-- Regression -->
    </groups>
    <test started-at="2026-01-26T19:18:41 IST" name="Test" finished-at="2026-01-26T19:18:54 IST" duration-ms="12593">
      <class name="testcases.logintestcase">
        <test-method is-config="true" signature="setup(java.lang.String,java.lang.String)[pri:0, instance:testcases.logintestcase@c5ee75e]" started-at="2026-01-26T19:18:49 IST" name="setup" finished-at="2026-01-26T19:18:51 IST" duration-ms="2667" status="PASS">
          <params>
            <param index="0">
              <value>
                <![CDATA[Windows]]>
              </value>
            </param>
            <param index="1">
              <value>
                <![CDATA[Chrome]]>
              </value>
            </param>
          </params>
          <reporter-output>
          </reporter-output>
        </test-method> <!-- setup -->
        <test-method signature="verify_logintest()[pri:0, instance:testcases.logintestcase@c5ee75e]" started-at="2026-01-26T19:18:51 IST" name="verify_logintest" finished-at="2026-01-26T19:18:54 IST" duration-ms="2307" status="PASS">
          <reporter-output>
          </reporter-output>
        </test-method> <!-- verify_logintest -->
        <test-method is-config="true" signature="teardown()[pri:0, instance:testcases.logintestcase@c5ee75e]" started-at="2026-01-26T19:18:54 IST" name="teardown" finished-at="2026-01-26T19:18:54 IST" duration-ms="406" status="PASS">
          <reporter-output>
          </reporter-output>
        </test-method> <!-- teardown -->
      </class> <!-- testcases.logintestcase -->
      <class name="testcases.RegistrationTest">
        <test-method is-config="true" signature="setup(java.lang.String,java.lang.String)[pri:0, instance:testcases.RegistrationTest@5c530d1e]" started-at="2026-01-26T19:18:42 IST" name="setup" finished-at="2026-01-26T19:18:45 IST" duration-ms="3428" status="PASS">
          <params>
            <param index="0">
              <value>
                <![CDATA[Windows]]>
              </value>
            </param>
            <param index="1">
              <value>
                <![CDATA[Chrome]]>
              </value>
            </param>
          </params>
          <reporter-output>
          </reporter-output>
        </test-method> <!-- setup -->
        <test-method signature="verify_account_registration()[pri:0, instance:testcases.RegistrationTest@5c530d1e]" started-at="2026-01-26T19:18:45 IST" name="verify_account_registration" finished-at="2026-01-26T19:18:48 IST" duration-ms="3041" status="PASS">
          <reporter-output>
          </reporter-output>
        </test-method> <!-- verify_account_registration -->
        <test-method is-config="true" signature="teardown()[pri:0, instance:testcases.RegistrationTest@5c530d1e]" started-at="2026-01-26T19:18:48 IST" name="teardown" finished-at="2026-01-26T19:18:49 IST" duration-ms="317" status="PASS">
          <reporter-output>
          </reporter-output>
        </test-method> <!-- teardown -->
      </class> <!-- testcases.RegistrationTest -->
    </test> <!-- Test -->
  </suite> <!-- Suite -->
</testng-results>
