<?xml version="1.0" encoding="UTF-8"?>
<!-- Generated by org.testng.reporters.JUnitReportReporter -->
<testsuite hostname="DESKTOP-P48SJ8K" failures="0" tests="5" name="testcases.logintest_ddt" time="54.160" errors="0" timestamp="2026-01-22T20:34:40 IST" skipped="0">
  <testcase classname="testcases.logintest_ddt" name="verify_login_ddt" time="22.197"/>
  <testcase classname="testcases.logintest_ddt" name="verify_login_ddt" time="2.424"/>
  <testcase classname="testcases.logintest_ddt" name="verify_login_ddt" time="3.001"/>
  <testcase classname="testcases.logintest_ddt" name="verify_login_ddt" time="4.447"/>
  <testcase classname="testcases.logintest_ddt" name="verify_login_ddt" time="22.091"/>
</testsuite> <!-- testcases.logintest_ddt -->
